[debug] [2025-08-19T17:15:31.902Z] ----------------------------------------------------------------------
[debug] [2025-08-19T17:15:31.905Z] Command:       C:\Program Files\nodejs\node.exe C:\Users\meetp\AppData\Roaming\npm\node_modules\firebase-tools\lib\bin\firebase.js deploy --only functions --debug
[debug] [2025-08-19T17:15:31.905Z] CLI Version:   14.12.1
[debug] [2025-08-19T17:15:31.906Z] Platform:      win32
[debug] [2025-08-19T17:15:31.906Z] Node Version:  v22.12.0
[debug] [2025-08-19T17:15:31.906Z] Time:          Tue Aug 19 2025 22:45:31 GMT+0530 (India Standard Time)
[debug] [2025-08-19T17:15:31.906Z] ----------------------------------------------------------------------
[debug] 
[debug] [2025-08-19T17:15:32.138Z] Field "/functions" in "firebase.json" is possibly invalid: must be object
[debug] [2025-08-19T17:15:32.139Z] Object "/functions/0" in "firebase.json" has unknown property: {"additionalProperty":"functions"}
[debug] [2025-08-19T17:15:32.140Z] Field "/functions" in "firebase.json" is possibly invalid: must match a schema in anyOf
[debug] [2025-08-19T17:15:32.147Z] > command requires scopes: ["email","openid","https://www.googleapis.com/auth/cloudplatformprojects.readonly","https://www.googleapis.com/auth/firebase","https://www.googleapis.com/auth/cloud-platform"]
[debug] [2025-08-19T17:15:32.148Z] > authorizing via signed-in user (patelmeet23032005@gmail.com)
[debug] [2025-08-19T17:15:32.149Z] [iam] checking project internhunt-a6e38 for permissions ["cloudfunctions.functions.create","cloudfunctions.functions.delete","cloudfunctions.functions.get","cloudfunctions.functions.list","cloudfunctions.functions.update","cloudfunctions.operations.get","firebase.projects.get"]
[debug] [2025-08-19T17:15:32.153Z] Checked if tokens are valid: true, expires at: 1755626188867
[debug] [2025-08-19T17:15:32.154Z] Checked if tokens are valid: true, expires at: 1755626188867
[debug] [2025-08-19T17:15:32.156Z] >>> [apiv2][query] POST https://cloudresourcemanager.googleapis.com/v1/projects/internhunt-a6e38:testIamPermissions [none]
[debug] [2025-08-19T17:15:32.157Z] >>> [apiv2][(partial)header] POST https://cloudresourcemanager.googleapis.com/v1/projects/internhunt-a6e38:testIamPermissions x-goog-quota-user=projects/internhunt-a6e38
[debug] [2025-08-19T17:15:32.158Z] >>> [apiv2][body] POST https://cloudresourcemanager.googleapis.com/v1/projects/internhunt-a6e38:testIamPermissions {"permissions":["cloudfunctions.functions.create","cloudfunctions.functions.delete","cloudfunctions.functions.get","cloudfunctions.functions.list","cloudfunctions.functions.update","cloudfunctions.operations.get","firebase.projects.get"]}
[debug] [2025-08-19T17:15:33.683Z] <<< [apiv2][status] POST https://cloudresourcemanager.googleapis.com/v1/projects/internhunt-a6e38:testIamPermissions 200
[debug] [2025-08-19T17:15:33.683Z] <<< [apiv2][body] POST https://cloudresourcemanager.googleapis.com/v1/projects/internhunt-a6e38:testIamPermissions {"permissions":["cloudfunctions.functions.create","cloudfunctions.functions.delete","cloudfunctions.functions.get","cloudfunctions.functions.list","cloudfunctions.functions.update","cloudfunctions.operations.get","firebase.projects.get"]}
[debug] [2025-08-19T17:15:33.684Z] Checked if tokens are valid: true, expires at: 1755626188867
[debug] [2025-08-19T17:15:33.685Z] Checked if tokens are valid: true, expires at: 1755626188867
[debug] [2025-08-19T17:15:33.685Z] >>> [apiv2][query] POST https://iam.googleapis.com/v1/projects/internhunt-a6e38/serviceAccounts/internhunt-a6e38@appspot.gserviceaccount.com:testIamPermissions [none]
[debug] [2025-08-19T17:15:33.685Z] >>> [apiv2][body] POST https://iam.googleapis.com/v1/projects/internhunt-a6e38/serviceAccounts/internhunt-a6e38@appspot.gserviceaccount.com:testIamPermissions {"permissions":["iam.serviceAccounts.actAs"]}
[debug] [2025-08-19T17:15:35.448Z] <<< [apiv2][status] POST https://iam.googleapis.com/v1/projects/internhunt-a6e38/serviceAccounts/internhunt-a6e38@appspot.gserviceaccount.com:testIamPermissions 200
[debug] [2025-08-19T17:15:35.448Z] <<< [apiv2][body] POST https://iam.googleapis.com/v1/projects/internhunt-a6e38/serviceAccounts/internhunt-a6e38@appspot.gserviceaccount.com:testIamPermissions {"permissions":["iam.serviceAccounts.actAs"]}
[info] 
[info] === Deploying to 'internhunt-a6e38'...
[info] 
[info] i  deploying functions 
[debug] [2025-08-19T17:15:35.453Z] Checked if tokens are valid: true, expires at: 1755626188867
[debug] [2025-08-19T17:15:35.453Z] Checked if tokens are valid: true, expires at: 1755626188867
[debug] [2025-08-19T17:15:35.454Z] >>> [apiv2][query] GET https://serviceusage.googleapis.com/v1/projects/internhunt-a6e38/services/cloudresourcemanager.googleapis.com [none]
[debug] [2025-08-19T17:15:35.455Z] >>> [apiv2][(partial)header] GET https://serviceusage.googleapis.com/v1/projects/internhunt-a6e38/services/cloudresourcemanager.googleapis.com x-goog-quota-user=projects/internhunt-a6e38
[debug] [2025-08-19T17:15:37.375Z] <<< [apiv2][status] GET https://serviceusage.googleapis.com/v1/projects/internhunt-a6e38/services/cloudresourcemanager.googleapis.com 200
[debug] [2025-08-19T17:15:37.376Z] <<< [apiv2][body] GET https://serviceusage.googleapis.com/v1/projects/internhunt-a6e38/services/cloudresourcemanager.googleapis.com [omitted]
[debug] [2025-08-19T17:15:37.389Z] Checked if tokens are valid: true, expires at: 1755626188867
[debug] [2025-08-19T17:15:37.389Z] Checked if tokens are valid: true, expires at: 1755626188867
[debug] [2025-08-19T17:15:37.390Z] >>> [apiv2][query] GET https://cloudresourcemanager.googleapis.com/v1/projects/internhunt-a6e38 [none]
[debug] [2025-08-19T17:15:37.746Z] <<< [apiv2][status] GET https://cloudresourcemanager.googleapis.com/v1/projects/internhunt-a6e38 200
[debug] [2025-08-19T17:15:37.746Z] <<< [apiv2][body] GET https://cloudresourcemanager.googleapis.com/v1/projects/internhunt-a6e38 {"projectNumber":"201374628233","projectId":"internhunt-a6e38","lifecycleState":"ACTIVE","name":"InternHunt","labels":{"firebase":"enabled","firebase-core":"disabled"},"createTime":"2025-07-24T12:27:14.423329Z"}
[info] i  functions: preparing codebase default for deployment 
[info] i  functions: ensuring required API cloudfunctions.googleapis.com is enabled... 
[info] i  functions: ensuring required API cloudbuild.googleapis.com is enabled... 
[debug] [2025-08-19T17:15:37.750Z] Checked if tokens are valid: true, expires at: 1755626188867
[debug] [2025-08-19T17:15:37.750Z] Checked if tokens are valid: true, expires at: 1755626188867
[info] i  artifactregistry: ensuring required API artifactregistry.googleapis.com is enabled... 
[debug] [2025-08-19T17:15:37.752Z] Checked if tokens are valid: true, expires at: 1755626188867
[debug] [2025-08-19T17:15:37.752Z] Checked if tokens are valid: true, expires at: 1755626188867
[debug] [2025-08-19T17:15:37.753Z] >>> [apiv2][query] GET https://serviceusage.googleapis.com/v1/projects/internhunt-a6e38/services/cloudbuild.googleapis.com [none]
[debug] [2025-08-19T17:15:37.753Z] >>> [apiv2][(partial)header] GET https://serviceusage.googleapis.com/v1/projects/internhunt-a6e38/services/cloudbuild.googleapis.com x-goog-quota-user=projects/internhunt-a6e38
[debug] [2025-08-19T17:15:37.754Z] >>> [apiv2][query] GET https://serviceusage.googleapis.com/v1/projects/internhunt-a6e38/services/artifactregistry.googleapis.com [none]
[debug] [2025-08-19T17:15:37.755Z] >>> [apiv2][(partial)header] GET https://serviceusage.googleapis.com/v1/projects/internhunt-a6e38/services/artifactregistry.googleapis.com x-goog-quota-user=projects/internhunt-a6e38
[debug] [2025-08-19T17:15:38.151Z] <<< [apiv2][status] GET https://serviceusage.googleapis.com/v1/projects/internhunt-a6e38/services/cloudbuild.googleapis.com 200
[debug] [2025-08-19T17:15:38.152Z] <<< [apiv2][body] GET https://serviceusage.googleapis.com/v1/projects/internhunt-a6e38/services/cloudbuild.googleapis.com [omitted]
[warn] !  functions: missing required API cloudbuild.googleapis.com. Enabling now... 
[debug] [2025-08-19T17:15:38.153Z] Checked if tokens are valid: true, expires at: 1755626188867
[debug] [2025-08-19T17:15:38.154Z] Checked if tokens are valid: true, expires at: 1755626188867
[debug] [2025-08-19T17:15:38.154Z] >>> [apiv2][query] POST https://serviceusage.googleapis.com/v1/projects/internhunt-a6e38/services/cloudbuild.googleapis.com:enable [none]
[debug] [2025-08-19T17:15:38.154Z] >>> [apiv2][(partial)header] POST https://serviceusage.googleapis.com/v1/projects/internhunt-a6e38/services/cloudbuild.googleapis.com:enable x-goog-quota-user=projects/internhunt-a6e38
[debug] [2025-08-19T17:15:39.658Z] <<< [apiv2][status] GET https://serviceusage.googleapis.com/v1/projects/internhunt-a6e38/services/artifactregistry.googleapis.com 200
[debug] [2025-08-19T17:15:39.659Z] <<< [apiv2][body] GET https://serviceusage.googleapis.com/v1/projects/internhunt-a6e38/services/artifactregistry.googleapis.com [omitted]
[warn] !  artifactregistry: missing required API artifactregistry.googleapis.com. Enabling now... 
[debug] [2025-08-19T17:15:39.660Z] Checked if tokens are valid: true, expires at: 1755626188867
[debug] [2025-08-19T17:15:39.660Z] Checked if tokens are valid: true, expires at: 1755626188867
[debug] [2025-08-19T17:15:39.661Z] >>> [apiv2][query] POST https://serviceusage.googleapis.com/v1/projects/internhunt-a6e38/services/artifactregistry.googleapis.com:enable [none]
[debug] [2025-08-19T17:15:39.661Z] >>> [apiv2][(partial)header] POST https://serviceusage.googleapis.com/v1/projects/internhunt-a6e38/services/artifactregistry.googleapis.com:enable x-goog-quota-user=projects/internhunt-a6e38
[debug] [2025-08-19T17:15:39.699Z] <<< [apiv2][status] POST https://serviceusage.googleapis.com/v1/projects/internhunt-a6e38/services/cloudbuild.googleapis.com:enable 200
[debug] [2025-08-19T17:15:39.699Z] <<< [apiv2][body] POST https://serviceusage.googleapis.com/v1/projects/internhunt-a6e38/services/cloudbuild.googleapis.com:enable [omitted]
[debug] [2025-08-19T17:15:40.185Z] <<< [apiv2][status] POST https://serviceusage.googleapis.com/v1/projects/internhunt-a6e38/services/artifactregistry.googleapis.com:enable 200
[debug] [2025-08-19T17:15:40.185Z] <<< [apiv2][body] POST https://serviceusage.googleapis.com/v1/projects/internhunt-a6e38/services/artifactregistry.googleapis.com:enable [omitted]
[debug] [2025-08-19T17:15:50.201Z] Checked if tokens are valid: true, expires at: 1755626188867
[debug] [2025-08-19T17:15:50.202Z] Checked if tokens are valid: true, expires at: 1755626188867
[debug] [2025-08-19T17:15:50.202Z] >>> [apiv2][query] GET https://firebase.googleapis.com/v1beta1/projects/internhunt-a6e38/adminSdkConfig [none]
[debug] [2025-08-19T17:15:51.196Z] <<< [apiv2][status] GET https://firebase.googleapis.com/v1beta1/projects/internhunt-a6e38/adminSdkConfig 200
[debug] [2025-08-19T17:15:51.196Z] <<< [apiv2][body] GET https://firebase.googleapis.com/v1beta1/projects/internhunt-a6e38/adminSdkConfig {"projectId":"internhunt-a6e38","storageBucket":"internhunt-a6e38.firebasestorage.app"}
[debug] [2025-08-19T17:15:51.197Z] Checked if tokens are valid: true, expires at: 1755626188867
[debug] [2025-08-19T17:15:51.197Z] Checked if tokens are valid: true, expires at: 1755626188867
[debug] [2025-08-19T17:15:51.198Z] >>> [apiv2][query] GET https://runtimeconfig.googleapis.com/v1beta1/projects/internhunt-a6e38/configs [none]
[debug] [2025-08-19T17:15:51.834Z] <<< [apiv2][status] GET https://runtimeconfig.googleapis.com/v1beta1/projects/internhunt-a6e38/configs 200
[debug] [2025-08-19T17:15:51.834Z] <<< [apiv2][body] GET https://runtimeconfig.googleapis.com/v1beta1/projects/internhunt-a6e38/configs {}
[debug] [2025-08-19T17:15:51.836Z] Validating nodejs source
[debug] [2025-08-19T17:15:52.924Z] > [functions] package.json contents: {
  "name": "functions",
  "description": "Cloud Functions for Firebase",
  "scripts": {
    "lint": "eslint .",
    "serve": "firebase emulators:start --only functions",
    "shell": "firebase functions:shell",
    "start": "npm run shell",
    "deploy": "firebase deploy --only functions",
    "logs": "firebase functions:log"
  },
  "engines": {
    "node": "22"
  },
  "main": "index.js",
  "dependencies": {
    "firebase-admin": "^12.7.0",
    "firebase-functions": "^6.4.0"
  },
  "devDependencies": {
    "@eslint/js": "^9.33.0",
    "eslint": "^8.57.1",
    "eslint-config-google": "^0.14.0",
    "firebase-functions-test": "^3.1.0",
    "globals": "^16.3.0"
  },
  "private": true
}
[debug] [2025-08-19T17:15:52.925Z] Building nodejs source
[info] i  functions: Loading and analyzing source code for codebase default to determine what to deploy 
[debug] [2025-08-19T17:15:52.928Z] Could not find functions.yaml. Must use http discovery
[debug] [2025-08-19T17:15:52.948Z] Found firebase-functions binary at 'E:\Sem-7\Android\InternHunt\functions\node_modules\.bin\firebase-functions'
[info] Serving at port 8161

[error] TypeError: functions.firestore.document is not a function
    at Object.<anonymous> (E:\Sem-7\Android\InternHunt\functions\index.js:7:4)
    at Module._compile (node:internal/modules/cjs/loader:1565:14)
    at Object..js (node:internal/modules/cjs/loader:1708:10)
    at Module.load (node:internal/modules/cjs/loader:1318:32)
    at Function._load (node:internal/modules/cjs/loader:1128:12)
    at TracingChannel.traceSync (node:diagnostics_channel:322:14)
    at wrapModuleLoad (node:internal/modules/cjs/loader:219:24)
    at Module.require (node:internal/modules/cjs/loader:1340:12)
    at require (node:internal/modules/helpers:138:16)
    at loadModule (E:\Sem-7\Android\InternHunt\functions\node_modules\firebase-functions\lib\runtime\loader.js:40:16)

[debug] [2025-08-19T17:15:53.880Z] Got response code 400; body Failed to generate manifest from function source: functions.firestore.document is not a function
[error] 
[error] Error: Functions codebase could not be analyzed successfully. It may have a syntax or runtime error
[debug] [2025-08-19T17:17:27.347Z] ----------------------------------------------------------------------
[debug] [2025-08-19T17:17:27.349Z] Command:       C:\Program Files\nodejs\node.exe C:\Users\meetp\AppData\Roaming\npm\node_modules\firebase-tools\lib\bin\firebase.js deploy --only functions --debug
[debug] [2025-08-19T17:17:27.350Z] CLI Version:   14.12.1
[debug] [2025-08-19T17:17:27.350Z] Platform:      win32
[debug] [2025-08-19T17:17:27.350Z] Node Version:  v22.12.0
[debug] [2025-08-19T17:17:27.350Z] Time:          Tue Aug 19 2025 22:47:27 GMT+0530 (India Standard Time)
[debug] [2025-08-19T17:17:27.350Z] ----------------------------------------------------------------------
[debug] 
[debug] [2025-08-19T17:17:27.578Z] Field "/functions" in "firebase.json" is possibly invalid: must be object
[debug] [2025-08-19T17:17:27.579Z] Object "/functions/0" in "firebase.json" has unknown property: {"additionalProperty":"functions"}
[debug] [2025-08-19T17:17:27.580Z] Field "/functions" in "firebase.json" is possibly invalid: must match a schema in anyOf
[debug] [2025-08-19T17:17:27.585Z] > command requires scopes: ["email","openid","https://www.googleapis.com/auth/cloudplatformprojects.readonly","https://www.googleapis.com/auth/firebase","https://www.googleapis.com/auth/cloud-platform"]
[debug] [2025-08-19T17:17:27.586Z] > authorizing via signed-in user (patelmeet23032005@gmail.com)
[debug] [2025-08-19T17:17:27.586Z] [iam] checking project internhunt-a6e38 for permissions ["cloudfunctions.functions.create","cloudfunctions.functions.delete","cloudfunctions.functions.get","cloudfunctions.functions.list","cloudfunctions.functions.update","cloudfunctions.operations.get","firebase.projects.get"]
[debug] [2025-08-19T17:17:27.588Z] Checked if tokens are valid: true, expires at: 1755626188867
[debug] [2025-08-19T17:17:27.589Z] Checked if tokens are valid: true, expires at: 1755626188867
[debug] [2025-08-19T17:17:27.591Z] >>> [apiv2][query] POST https://cloudresourcemanager.googleapis.com/v1/projects/internhunt-a6e38:testIamPermissions [none]
[debug] [2025-08-19T17:17:27.591Z] >>> [apiv2][(partial)header] POST https://cloudresourcemanager.googleapis.com/v1/projects/internhunt-a6e38:testIamPermissions x-goog-quota-user=projects/internhunt-a6e38
[debug] [2025-08-19T17:17:27.592Z] >>> [apiv2][body] POST https://cloudresourcemanager.googleapis.com/v1/projects/internhunt-a6e38:testIamPermissions {"permissions":["cloudfunctions.functions.create","cloudfunctions.functions.delete","cloudfunctions.functions.get","cloudfunctions.functions.list","cloudfunctions.functions.update","cloudfunctions.operations.get","firebase.projects.get"]}
[debug] [2025-08-19T17:17:29.094Z] <<< [apiv2][status] POST https://cloudresourcemanager.googleapis.com/v1/projects/internhunt-a6e38:testIamPermissions 200
[debug] [2025-08-19T17:17:29.095Z] <<< [apiv2][body] POST https://cloudresourcemanager.googleapis.com/v1/projects/internhunt-a6e38:testIamPermissions {"permissions":["cloudfunctions.functions.create","cloudfunctions.functions.delete","cloudfunctions.functions.get","cloudfunctions.functions.list","cloudfunctions.functions.update","cloudfunctions.operations.get","firebase.projects.get"]}
[debug] [2025-08-19T17:17:29.096Z] Checked if tokens are valid: true, expires at: 1755626188867
[debug] [2025-08-19T17:17:29.096Z] Checked if tokens are valid: true, expires at: 1755626188867
[debug] [2025-08-19T17:17:29.096Z] >>> [apiv2][query] POST https://iam.googleapis.com/v1/projects/internhunt-a6e38/serviceAccounts/internhunt-a6e38@appspot.gserviceaccount.com:testIamPermissions [none]
[debug] [2025-08-19T17:17:29.097Z] >>> [apiv2][body] POST https://iam.googleapis.com/v1/projects/internhunt-a6e38/serviceAccounts/internhunt-a6e38@appspot.gserviceaccount.com:testIamPermissions {"permissions":["iam.serviceAccounts.actAs"]}
[debug] [2025-08-19T17:17:30.774Z] <<< [apiv2][status] POST https://iam.googleapis.com/v1/projects/internhunt-a6e38/serviceAccounts/internhunt-a6e38@appspot.gserviceaccount.com:testIamPermissions 200
[debug] [2025-08-19T17:17:30.775Z] <<< [apiv2][body] POST https://iam.googleapis.com/v1/projects/internhunt-a6e38/serviceAccounts/internhunt-a6e38@appspot.gserviceaccount.com:testIamPermissions {"permissions":["iam.serviceAccounts.actAs"]}
[info] 
[info] === Deploying to 'internhunt-a6e38'...
[info] 
[info] i  deploying functions 
[debug] [2025-08-19T17:17:30.780Z] Checked if tokens are valid: true, expires at: 1755626188867
[debug] [2025-08-19T17:17:30.781Z] Checked if tokens are valid: true, expires at: 1755626188867
[debug] [2025-08-19T17:17:30.781Z] >>> [apiv2][query] GET https://cloudresourcemanager.googleapis.com/v1/projects/internhunt-a6e38 [none]
[debug] [2025-08-19T17:17:31.131Z] <<< [apiv2][status] GET https://cloudresourcemanager.googleapis.com/v1/projects/internhunt-a6e38 200
[debug] [2025-08-19T17:17:31.131Z] <<< [apiv2][body] GET https://cloudresourcemanager.googleapis.com/v1/projects/internhunt-a6e38 {"projectNumber":"201374628233","projectId":"internhunt-a6e38","lifecycleState":"ACTIVE","name":"InternHunt","labels":{"firebase":"enabled","firebase-core":"disabled"},"createTime":"2025-07-24T12:27:14.423329Z"}
[info] i  functions: preparing codebase default for deployment 
[info] i  functions: ensuring required API cloudfunctions.googleapis.com is enabled... 
[info] i  functions: ensuring required API cloudbuild.googleapis.com is enabled... 
[info] i  artifactregistry: ensuring required API artifactregistry.googleapis.com is enabled... 
[debug] [2025-08-19T17:17:31.137Z] Checked if tokens are valid: true, expires at: 1755626188867
[debug] [2025-08-19T17:17:31.137Z] Checked if tokens are valid: true, expires at: 1755626188867
[debug] [2025-08-19T17:17:31.137Z] >>> [apiv2][query] GET https://firebase.googleapis.com/v1beta1/projects/internhunt-a6e38/adminSdkConfig [none]
[debug] [2025-08-19T17:17:32.494Z] <<< [apiv2][status] GET https://firebase.googleapis.com/v1beta1/projects/internhunt-a6e38/adminSdkConfig 200
[debug] [2025-08-19T17:17:32.494Z] <<< [apiv2][body] GET https://firebase.googleapis.com/v1beta1/projects/internhunt-a6e38/adminSdkConfig {"projectId":"internhunt-a6e38","storageBucket":"internhunt-a6e38.firebasestorage.app"}
[debug] [2025-08-19T17:17:32.495Z] Checked if tokens are valid: true, expires at: 1755626188867
[debug] [2025-08-19T17:17:32.495Z] Checked if tokens are valid: true, expires at: 1755626188867
[debug] [2025-08-19T17:17:32.496Z] >>> [apiv2][query] GET https://runtimeconfig.googleapis.com/v1beta1/projects/internhunt-a6e38/configs [none]
[debug] [2025-08-19T17:17:32.890Z] <<< [apiv2][status] GET https://runtimeconfig.googleapis.com/v1beta1/projects/internhunt-a6e38/configs 200
[debug] [2025-08-19T17:17:32.890Z] <<< [apiv2][body] GET https://runtimeconfig.googleapis.com/v1beta1/projects/internhunt-a6e38/configs {}
[debug] [2025-08-19T17:17:32.892Z] Validating nodejs source
[debug] [2025-08-19T17:17:33.979Z] > [functions] package.json contents: {
  "name": "functions",
  "description": "Cloud Functions for Firebase",
  "scripts": {
    "lint": "eslint .",
    "serve": "firebase emulators:start --only functions",
    "shell": "firebase functions:shell",
    "start": "npm run shell",
    "deploy": "firebase deploy --only functions",
    "logs": "firebase functions:log"
  },
  "engines": {
    "node": "22"
  },
  "main": "index.js",
  "dependencies": {
    "firebase-admin": "^12.7.0",
    "firebase-functions": "^6.4.0"
  },
  "devDependencies": {
    "@eslint/js": "^9.33.0",
    "eslint": "^8.57.1",
    "eslint-config-google": "^0.14.0",
    "firebase-functions-test": "^3.1.0",
    "globals": "^16.3.0"
  },
  "private": true
}
[debug] [2025-08-19T17:17:33.980Z] Building nodejs source
[info] i  functions: Loading and analyzing source code for codebase default to determine what to deploy 
[debug] [2025-08-19T17:17:33.982Z] Could not find functions.yaml. Must use http discovery
[debug] [2025-08-19T17:17:33.998Z] Found firebase-functions binary at 'E:\Sem-7\Android\InternHunt\functions\node_modules\.bin\firebase-functions'
[info] Serving at port 8843

[error] TypeError: functions.firestore.document is not a function
    at Object.<anonymous> (E:\Sem-7\Android\InternHunt\functions\index.js:8:4)
    at Module._compile (node:internal/modules/cjs/loader:1565:14)
    at Object..js (node:internal/modules/cjs/loader:1708:10)
    at Module.load (node:internal/modules/cjs/loader:1318:32)
    at Function._load (node:internal/modules/cjs/loader:1128:12)
    at TracingChannel.traceSync (node:diagnostics_channel:322:14)
    at wrapModuleLoad (node:internal/modules/cjs/loader:219:24)
    at Module.require (node:internal/modules/cjs/loader:1340:12)
    at require (node:internal/modules/helpers:138:16)
    at loadModule (E:\Sem-7\Android\InternHunt\functions\node_modules\firebase-functions\lib\runtime\loader.js:40:16)

[debug] [2025-08-19T17:17:34.726Z] Got response code 400; body Failed to generate manifest from function source: functions.firestore.document is not a function
[error] 
[error] Error: Functions codebase could not be analyzed successfully. It may have a syntax or runtime error
[debug] [2025-08-19T17:18:23.489Z] ----------------------------------------------------------------------
[debug] [2025-08-19T17:18:23.492Z] Command:       C:\Program Files\nodejs\node.exe C:\Users\meetp\AppData\Roaming\npm\node_modules\firebase-tools\lib\bin\firebase.js deploy --only functions --debug
[debug] [2025-08-19T17:18:23.492Z] CLI Version:   14.12.1
[debug] [2025-08-19T17:18:23.492Z] Platform:      win32
[debug] [2025-08-19T17:18:23.492Z] Node Version:  v22.12.0
[debug] [2025-08-19T17:18:23.493Z] Time:          Tue Aug 19 2025 22:48:23 GMT+0530 (India Standard Time)
[debug] [2025-08-19T17:18:23.493Z] ----------------------------------------------------------------------
[debug] 
[debug] [2025-08-19T17:18:23.743Z] Field "/functions" in "firebase.json" is possibly invalid: must be object
[debug] [2025-08-19T17:18:23.745Z] Object "/functions/0" in "firebase.json" has unknown property: {"additionalProperty":"functions"}
[debug] [2025-08-19T17:18:23.745Z] Field "/functions" in "firebase.json" is possibly invalid: must match a schema in anyOf
[debug] [2025-08-19T17:18:23.752Z] > command requires scopes: ["email","openid","https://www.googleapis.com/auth/cloudplatformprojects.readonly","https://www.googleapis.com/auth/firebase","https://www.googleapis.com/auth/cloud-platform"]
[debug] [2025-08-19T17:18:23.753Z] > authorizing via signed-in user (patelmeet23032005@gmail.com)
[debug] [2025-08-19T17:18:23.753Z] [iam] checking project internhunt-a6e38 for permissions ["cloudfunctions.functions.create","cloudfunctions.functions.delete","cloudfunctions.functions.get","cloudfunctions.functions.list","cloudfunctions.functions.update","cloudfunctions.operations.get","firebase.projects.get"]
[debug] [2025-08-19T17:18:23.755Z] Checked if tokens are valid: true, expires at: 1755626188867
[debug] [2025-08-19T17:18:23.756Z] Checked if tokens are valid: true, expires at: 1755626188867
[debug] [2025-08-19T17:18:23.758Z] >>> [apiv2][query] POST https://cloudresourcemanager.googleapis.com/v1/projects/internhunt-a6e38:testIamPermissions [none]
[debug] [2025-08-19T17:18:23.758Z] >>> [apiv2][(partial)header] POST https://cloudresourcemanager.googleapis.com/v1/projects/internhunt-a6e38:testIamPermissions x-goog-quota-user=projects/internhunt-a6e38
[debug] [2025-08-19T17:18:23.759Z] >>> [apiv2][body] POST https://cloudresourcemanager.googleapis.com/v1/projects/internhunt-a6e38:testIamPermissions {"permissions":["cloudfunctions.functions.create","cloudfunctions.functions.delete","cloudfunctions.functions.get","cloudfunctions.functions.list","cloudfunctions.functions.update","cloudfunctions.operations.get","firebase.projects.get"]}
[debug] [2025-08-19T17:18:25.300Z] <<< [apiv2][status] POST https://cloudresourcemanager.googleapis.com/v1/projects/internhunt-a6e38:testIamPermissions 200
[debug] [2025-08-19T17:18:25.300Z] <<< [apiv2][body] POST https://cloudresourcemanager.googleapis.com/v1/projects/internhunt-a6e38:testIamPermissions {"permissions":["cloudfunctions.functions.create","cloudfunctions.functions.delete","cloudfunctions.functions.get","cloudfunctions.functions.list","cloudfunctions.functions.update","cloudfunctions.operations.get","firebase.projects.get"]}
[debug] [2025-08-19T17:18:25.301Z] Checked if tokens are valid: true, expires at: 1755626188867
[debug] [2025-08-19T17:18:25.301Z] Checked if tokens are valid: true, expires at: 1755626188867
[debug] [2025-08-19T17:18:25.302Z] >>> [apiv2][query] POST https://iam.googleapis.com/v1/projects/internhunt-a6e38/serviceAccounts/internhunt-a6e38@appspot.gserviceaccount.com:testIamPermissions [none]
[debug] [2025-08-19T17:18:25.302Z] >>> [apiv2][body] POST https://iam.googleapis.com/v1/projects/internhunt-a6e38/serviceAccounts/internhunt-a6e38@appspot.gserviceaccount.com:testIamPermissions {"permissions":["iam.serviceAccounts.actAs"]}
[debug] [2025-08-19T17:18:26.981Z] <<< [apiv2][status] POST https://iam.googleapis.com/v1/projects/internhunt-a6e38/serviceAccounts/internhunt-a6e38@appspot.gserviceaccount.com:testIamPermissions 200
[debug] [2025-08-19T17:18:26.982Z] <<< [apiv2][body] POST https://iam.googleapis.com/v1/projects/internhunt-a6e38/serviceAccounts/internhunt-a6e38@appspot.gserviceaccount.com:testIamPermissions {"permissions":["iam.serviceAccounts.actAs"]}
[info] 
[info] === Deploying to 'internhunt-a6e38'...
[info] 
[info] i  deploying functions 
[debug] [2025-08-19T17:18:26.987Z] Checked if tokens are valid: true, expires at: 1755626188867
[debug] [2025-08-19T17:18:26.987Z] Checked if tokens are valid: true, expires at: 1755626188867
[debug] [2025-08-19T17:18:26.988Z] >>> [apiv2][query] GET https://cloudresourcemanager.googleapis.com/v1/projects/internhunt-a6e38 [none]
[debug] [2025-08-19T17:18:27.325Z] <<< [apiv2][status] GET https://cloudresourcemanager.googleapis.com/v1/projects/internhunt-a6e38 200
[debug] [2025-08-19T17:18:27.326Z] <<< [apiv2][body] GET https://cloudresourcemanager.googleapis.com/v1/projects/internhunt-a6e38 {"projectNumber":"201374628233","projectId":"internhunt-a6e38","lifecycleState":"ACTIVE","name":"InternHunt","labels":{"firebase":"enabled","firebase-core":"disabled"},"createTime":"2025-07-24T12:27:14.423329Z"}
[info] i  functions: preparing codebase default for deployment 
[info] i  functions: ensuring required API cloudfunctions.googleapis.com is enabled... 
[info] i  functions: ensuring required API cloudbuild.googleapis.com is enabled... 
[info] i  artifactregistry: ensuring required API artifactregistry.googleapis.com is enabled... 
[debug] [2025-08-19T17:18:27.331Z] Checked if tokens are valid: true, expires at: 1755626188867
[debug] [2025-08-19T17:18:27.331Z] Checked if tokens are valid: true, expires at: 1755626188867
[debug] [2025-08-19T17:18:27.332Z] >>> [apiv2][query] GET https://firebase.googleapis.com/v1beta1/projects/internhunt-a6e38/adminSdkConfig [none]
[debug] [2025-08-19T17:18:28.197Z] <<< [apiv2][status] GET https://firebase.googleapis.com/v1beta1/projects/internhunt-a6e38/adminSdkConfig 200
[debug] [2025-08-19T17:18:28.198Z] <<< [apiv2][body] GET https://firebase.googleapis.com/v1beta1/projects/internhunt-a6e38/adminSdkConfig {"projectId":"internhunt-a6e38","storageBucket":"internhunt-a6e38.firebasestorage.app"}
[debug] [2025-08-19T17:18:28.199Z] Checked if tokens are valid: true, expires at: 1755626188867
[debug] [2025-08-19T17:18:28.199Z] Checked if tokens are valid: true, expires at: 1755626188867
[debug] [2025-08-19T17:18:28.199Z] >>> [apiv2][query] GET https://runtimeconfig.googleapis.com/v1beta1/projects/internhunt-a6e38/configs [none]
[debug] [2025-08-19T17:18:28.586Z] <<< [apiv2][status] GET https://runtimeconfig.googleapis.com/v1beta1/projects/internhunt-a6e38/configs 200
[debug] [2025-08-19T17:18:28.586Z] <<< [apiv2][body] GET https://runtimeconfig.googleapis.com/v1beta1/projects/internhunt-a6e38/configs {}
[debug] [2025-08-19T17:18:28.589Z] Validating nodejs source
[debug] [2025-08-19T17:18:29.684Z] > [functions] package.json contents: {
  "name": "functions",
  "description": "Cloud Functions for Firebase",
  "scripts": {
    "lint": "eslint .",
    "serve": "firebase emulators:start --only functions",
    "shell": "firebase functions:shell",
    "start": "npm run shell",
    "deploy": "firebase deploy --only functions",
    "logs": "firebase functions:log"
  },
  "engines": {
    "node": "22"
  },
  "main": "index.js",
  "dependencies": {
    "firebase-admin": "^12.7.0",
    "firebase-functions": "^6.4.0"
  },
  "devDependencies": {
    "@eslint/js": "^9.33.0",
    "eslint": "^8.57.1",
    "eslint-config-google": "^0.14.0",
    "firebase-functions-test": "^3.1.0",
    "globals": "^16.3.0"
  },
  "private": true
}
[debug] [2025-08-19T17:18:29.685Z] Building nodejs source
[info] i  functions: Loading and analyzing source code for codebase default to determine what to deploy 
[debug] [2025-08-19T17:18:29.688Z] Could not find functions.yaml. Must use http discovery
[debug] [2025-08-19T17:18:29.706Z] Found firebase-functions binary at 'E:\Sem-7\Android\InternHunt\functions\node_modules\.bin\firebase-functions'
[info] Serving at port 8935

[debug] [2025-08-19T17:18:30.165Z] Got response from /__/functions.yaml {"endpoints":{"notifyUsersOnNewInternship":{"availableMemoryMb":null,"timeoutSeconds":null,"minInstances":null,"maxInstances":null,"ingressSettings":null,"concurrency":null,"serviceAccountEmail":null,"vpc":null,"platform":"gcfv2","labels":{},"eventTrigger":{"eventType":"google.cloud.firestore.document.v1.created","eventFilters":{"database":"(default)","namespace":"(default)"},"eventFilterPathPatterns":{"document":"internshipPostsData/{postId}"},"retry":false},"entryPoint":"notifyUsersOnNewInternship"}},"specVersion":"v1alpha1","requiredAPIs":[],"extensions":{}}
[info] i  extensions: ensuring required API firebaseextensions.googleapis.com is enabled... 
[debug] [2025-08-19T17:18:34.211Z] Checked if tokens are valid: true, expires at: 1755626188867
[debug] [2025-08-19T17:18:34.211Z] Checked if tokens are valid: true, expires at: 1755626188867
[debug] [2025-08-19T17:18:34.211Z] >>> [apiv2][query] GET https://serviceusage.googleapis.com/v1/projects/internhunt-a6e38/services/firebaseextensions.googleapis.com [none]
[debug] [2025-08-19T17:18:34.212Z] >>> [apiv2][(partial)header] GET https://serviceusage.googleapis.com/v1/projects/internhunt-a6e38/services/firebaseextensions.googleapis.com x-goog-quota-user=projects/internhunt-a6e38
[debug] [2025-08-19T17:18:35.979Z] <<< [apiv2][status] GET https://serviceusage.googleapis.com/v1/projects/internhunt-a6e38/services/firebaseextensions.googleapis.com 200
[debug] [2025-08-19T17:18:35.979Z] <<< [apiv2][body] GET https://serviceusage.googleapis.com/v1/projects/internhunt-a6e38/services/firebaseextensions.googleapis.com [omitted]
[warn] !  extensions: missing required API firebaseextensions.googleapis.com. Enabling now... 
[debug] [2025-08-19T17:18:35.981Z] Checked if tokens are valid: true, expires at: 1755626188867
[debug] [2025-08-19T17:18:35.982Z] Checked if tokens are valid: true, expires at: 1755626188867
[debug] [2025-08-19T17:18:35.982Z] >>> [apiv2][query] POST https://serviceusage.googleapis.com/v1/projects/internhunt-a6e38/services/firebaseextensions.googleapis.com:enable [none]
[debug] [2025-08-19T17:18:35.982Z] >>> [apiv2][(partial)header] POST https://serviceusage.googleapis.com/v1/projects/internhunt-a6e38/services/firebaseextensions.googleapis.com:enable x-goog-quota-user=projects/internhunt-a6e38
[debug] [2025-08-19T17:18:36.564Z] <<< [apiv2][status] POST https://serviceusage.googleapis.com/v1/projects/internhunt-a6e38/services/firebaseextensions.googleapis.com:enable 200
[debug] [2025-08-19T17:18:36.564Z] <<< [apiv2][body] POST https://serviceusage.googleapis.com/v1/projects/internhunt-a6e38/services/firebaseextensions.googleapis.com:enable [omitted]
[debug] [2025-08-19T17:18:46.591Z] > command requires scopes: ["email","openid","https://www.googleapis.com/auth/cloudplatformprojects.readonly","https://www.googleapis.com/auth/firebase","https://www.googleapis.com/auth/cloud-platform"]
[debug] [2025-08-19T17:18:46.591Z] > authorizing via signed-in user (patelmeet23032005@gmail.com)
[debug] [2025-08-19T17:18:46.592Z] [iam] checking project internhunt-a6e38 for permissions ["firebase.projects.get","firebaseextensions.instances.list"]
[debug] [2025-08-19T17:18:46.593Z] Checked if tokens are valid: true, expires at: 1755626188867
[debug] [2025-08-19T17:18:46.593Z] Checked if tokens are valid: true, expires at: 1755626188867
[debug] [2025-08-19T17:18:46.594Z] >>> [apiv2][query] POST https://cloudresourcemanager.googleapis.com/v1/projects/internhunt-a6e38:testIamPermissions [none]
[debug] [2025-08-19T17:18:46.594Z] >>> [apiv2][(partial)header] POST https://cloudresourcemanager.googleapis.com/v1/projects/internhunt-a6e38:testIamPermissions x-goog-quota-user=projects/internhunt-a6e38
[debug] [2025-08-19T17:18:46.594Z] >>> [apiv2][body] POST https://cloudresourcemanager.googleapis.com/v1/projects/internhunt-a6e38:testIamPermissions {"permissions":["firebase.projects.get","firebaseextensions.instances.list"]}
[debug] [2025-08-19T17:18:48.258Z] <<< [apiv2][status] POST https://cloudresourcemanager.googleapis.com/v1/projects/internhunt-a6e38:testIamPermissions 200
[debug] [2025-08-19T17:18:48.258Z] <<< [apiv2][body] POST https://cloudresourcemanager.googleapis.com/v1/projects/internhunt-a6e38:testIamPermissions {"permissions":["firebase.projects.get","firebaseextensions.instances.list"]}
[debug] [2025-08-19T17:18:48.260Z] Checked if tokens are valid: true, expires at: 1755626188867
[debug] [2025-08-19T17:18:48.260Z] Checked if tokens are valid: true, expires at: 1755626188867
[debug] [2025-08-19T17:18:48.261Z] >>> [apiv2][query] GET https://firebaseextensions.googleapis.com/v1beta/projects/internhunt-a6e38/instances pageSize=100&pageToken=
[debug] [2025-08-19T17:18:52.698Z] <<< [apiv2][status] GET https://firebaseextensions.googleapis.com/v1beta/projects/internhunt-a6e38/instances 200
[debug] [2025-08-19T17:18:52.699Z] <<< [apiv2][body] GET https://firebaseextensions.googleapis.com/v1beta/projects/internhunt-a6e38/instances {}
[info] i  functions: preparing functions directory for uploading... 
[info] i  functions: packaged E:\Sem-7\Android\InternHunt\functions (77.71 KB) for uploading 
[debug] [2025-08-19T17:18:52.750Z] Checked if tokens are valid: true, expires at: 1755626188867
[debug] [2025-08-19T17:18:52.750Z] Checked if tokens are valid: true, expires at: 1755626188867
[debug] [2025-08-19T17:18:52.751Z] >>> [apiv2][query] GET https://cloudfunctions.googleapis.com/v1/projects/internhunt-a6e38/locations/-/functions [none]
[debug] [2025-08-19T17:18:53.602Z] <<< [apiv2][status] GET https://cloudfunctions.googleapis.com/v1/projects/internhunt-a6e38/locations/-/functions 200
[debug] [2025-08-19T17:18:53.602Z] <<< [apiv2][body] GET https://cloudfunctions.googleapis.com/v1/projects/internhunt-a6e38/locations/-/functions {}
[debug] [2025-08-19T17:18:53.603Z] Checked if tokens are valid: true, expires at: 1755626188867
[debug] [2025-08-19T17:18:53.603Z] Checked if tokens are valid: true, expires at: 1755626188867
[debug] [2025-08-19T17:18:53.604Z] >>> [apiv2][query] GET https://cloudfunctions.googleapis.com/v2/projects/internhunt-a6e38/locations/-/functions filter=environment%3D%22GEN_2%22
[debug] [2025-08-19T17:18:55.263Z] <<< [apiv2][status] GET https://cloudfunctions.googleapis.com/v2/projects/internhunt-a6e38/locations/-/functions 200
[debug] [2025-08-19T17:18:55.264Z] <<< [apiv2][body] GET https://cloudfunctions.googleapis.com/v2/projects/internhunt-a6e38/locations/-/functions {}
[debug] [2025-08-19T17:18:55.265Z] Checked if tokens are valid: true, expires at: 1755626188867
[debug] [2025-08-19T17:18:55.266Z] Checked if tokens are valid: true, expires at: 1755626188867
[debug] [2025-08-19T17:18:55.266Z] >>> [apiv2][query] GET https://firestore.googleapis.com/v1/projects/internhunt-a6e38/databases/(default) [none]
[debug] [2025-08-19T17:18:55.463Z] <<< [apiv2][status] GET https://firestore.googleapis.com/v1/projects/internhunt-a6e38/databases/(default) 200
[debug] [2025-08-19T17:18:55.464Z] <<< [apiv2][body] GET https://firestore.googleapis.com/v1/projects/internhunt-a6e38/databases/(default) {"name":"projects/internhunt-a6e38/databases/(default)","uid":"061262cf-5b9b-430d-87c4-6ed4e1ac929b","createTime":"2025-07-24T12:55:43.932806Z","updateTime":"2025-07-24T12:55:43.932806Z","locationId":"asia-south1","type":"FIRESTORE_NATIVE","concurrencyMode":"PESSIMISTIC","versionRetentionPeriod":"3600s","earliestVersionTime":"2025-08-19T16:18:58.960939Z","appEngineIntegrationMode":"DISABLED","keyPrefix":"j","pointInTimeRecoveryEnablement":"POINT_IN_TIME_RECOVERY_DISABLED","deleteProtectionState":"DELETE_PROTECTION_DISABLED","databaseEdition":"STANDARD","freeTier":true,"etag":"ILDX9umwl48DMJywuc3F1Y4D"}
[info] i  functions: ensuring required API run.googleapis.com is enabled... 
[debug] [2025-08-19T17:18:55.467Z] Checked if tokens are valid: true, expires at: 1755626188867
[debug] [2025-08-19T17:18:55.468Z] Checked if tokens are valid: true, expires at: 1755626188867
[info] i  functions: ensuring required API eventarc.googleapis.com is enabled... 
[debug] [2025-08-19T17:18:55.469Z] Checked if tokens are valid: true, expires at: 1755626188867
[debug] [2025-08-19T17:18:55.470Z] Checked if tokens are valid: true, expires at: 1755626188867
[info] i  functions: ensuring required API pubsub.googleapis.com is enabled... 
[debug] [2025-08-19T17:18:55.471Z] Checked if tokens are valid: true, expires at: 1755626188867
[debug] [2025-08-19T17:18:55.472Z] Checked if tokens are valid: true, expires at: 1755626188867
[info] i  functions: ensuring required API storage.googleapis.com is enabled... 
[debug] [2025-08-19T17:18:55.473Z] Checked if tokens are valid: true, expires at: 1755626188867
[debug] [2025-08-19T17:18:55.473Z] Checked if tokens are valid: true, expires at: 1755626188867
[debug] [2025-08-19T17:18:55.473Z] >>> [apiv2][query] GET https://serviceusage.googleapis.com/v1/projects/201374628233/services/run.googleapis.com [none]
[debug] [2025-08-19T17:18:55.474Z] >>> [apiv2][(partial)header] GET https://serviceusage.googleapis.com/v1/projects/201374628233/services/run.googleapis.com x-goog-quota-user=projects/201374628233
[debug] [2025-08-19T17:18:55.476Z] >>> [apiv2][query] GET https://serviceusage.googleapis.com/v1/projects/201374628233/services/eventarc.googleapis.com [none]
[debug] [2025-08-19T17:18:55.477Z] >>> [apiv2][(partial)header] GET https://serviceusage.googleapis.com/v1/projects/201374628233/services/eventarc.googleapis.com x-goog-quota-user=projects/201374628233
[debug] [2025-08-19T17:18:55.480Z] >>> [apiv2][query] GET https://serviceusage.googleapis.com/v1/projects/201374628233/services/pubsub.googleapis.com [none]
[debug] [2025-08-19T17:18:55.480Z] >>> [apiv2][(partial)header] GET https://serviceusage.googleapis.com/v1/projects/201374628233/services/pubsub.googleapis.com x-goog-quota-user=projects/201374628233
[debug] [2025-08-19T17:18:55.484Z] >>> [apiv2][query] GET https://serviceusage.googleapis.com/v1/projects/201374628233/services/storage.googleapis.com [none]
[debug] [2025-08-19T17:18:55.485Z] >>> [apiv2][(partial)header] GET https://serviceusage.googleapis.com/v1/projects/201374628233/services/storage.googleapis.com x-goog-quota-user=projects/201374628233
[debug] [2025-08-19T17:18:57.288Z] <<< [apiv2][status] GET https://serviceusage.googleapis.com/v1/projects/201374628233/services/eventarc.googleapis.com 200
[debug] [2025-08-19T17:18:57.288Z] <<< [apiv2][body] GET https://serviceusage.googleapis.com/v1/projects/201374628233/services/eventarc.googleapis.com [omitted]
[warn] !  functions: missing required API eventarc.googleapis.com. Enabling now... 
[debug] [2025-08-19T17:18:57.289Z] Checked if tokens are valid: true, expires at: 1755626188867
[debug] [2025-08-19T17:18:57.289Z] Checked if tokens are valid: true, expires at: 1755626188867
[debug] [2025-08-19T17:18:57.290Z] >>> [apiv2][query] POST https://serviceusage.googleapis.com/v1/projects/201374628233/services/eventarc.googleapis.com:enable [none]
[debug] [2025-08-19T17:18:57.290Z] >>> [apiv2][(partial)header] POST https://serviceusage.googleapis.com/v1/projects/201374628233/services/eventarc.googleapis.com:enable x-goog-quota-user=projects/201374628233
[debug] [2025-08-19T17:18:57.298Z] <<< [apiv2][status] GET https://serviceusage.googleapis.com/v1/projects/201374628233/services/pubsub.googleapis.com 200
[debug] [2025-08-19T17:18:57.298Z] <<< [apiv2][body] GET https://serviceusage.googleapis.com/v1/projects/201374628233/services/pubsub.googleapis.com [omitted]
[info] +  functions: required API pubsub.googleapis.com is enabled 
[debug] [2025-08-19T17:18:57.305Z] <<< [apiv2][status] GET https://serviceusage.googleapis.com/v1/projects/201374628233/services/run.googleapis.com 200
[debug] [2025-08-19T17:18:57.305Z] <<< [apiv2][body] GET https://serviceusage.googleapis.com/v1/projects/201374628233/services/run.googleapis.com [omitted]
[warn] !  functions: missing required API run.googleapis.com. Enabling now... 
[debug] [2025-08-19T17:18:57.307Z] Checked if tokens are valid: true, expires at: 1755626188867
[debug] [2025-08-19T17:18:57.307Z] Checked if tokens are valid: true, expires at: 1755626188867
[debug] [2025-08-19T17:18:57.307Z] >>> [apiv2][query] POST https://serviceusage.googleapis.com/v1/projects/201374628233/services/run.googleapis.com:enable [none]
[debug] [2025-08-19T17:18:57.308Z] >>> [apiv2][(partial)header] POST https://serviceusage.googleapis.com/v1/projects/201374628233/services/run.googleapis.com:enable x-goog-quota-user=projects/201374628233
[debug] [2025-08-19T17:18:57.309Z] <<< [apiv2][status] GET https://serviceusage.googleapis.com/v1/projects/201374628233/services/storage.googleapis.com 200
[debug] [2025-08-19T17:18:57.310Z] <<< [apiv2][body] GET https://serviceusage.googleapis.com/v1/projects/201374628233/services/storage.googleapis.com [omitted]
[info] +  functions: required API storage.googleapis.com is enabled 
[debug] [2025-08-19T17:18:57.855Z] <<< [apiv2][status] POST https://serviceusage.googleapis.com/v1/projects/201374628233/services/eventarc.googleapis.com:enable 200
[debug] [2025-08-19T17:18:57.856Z] <<< [apiv2][body] POST https://serviceusage.googleapis.com/v1/projects/201374628233/services/eventarc.googleapis.com:enable [omitted]
[debug] [2025-08-19T17:18:57.866Z] <<< [apiv2][status] POST https://serviceusage.googleapis.com/v1/projects/201374628233/services/run.googleapis.com:enable 200
[debug] [2025-08-19T17:18:57.866Z] <<< [apiv2][body] POST https://serviceusage.googleapis.com/v1/projects/201374628233/services/run.googleapis.com:enable [omitted]
[info] i  functions: generating the service identity for pubsub.googleapis.com... 
[debug] [2025-08-19T17:19:07.875Z] Checked if tokens are valid: true, expires at: 1755626188867
[debug] [2025-08-19T17:19:07.875Z] Checked if tokens are valid: true, expires at: 1755626188867
[info] i  functions: generating the service identity for eventarc.googleapis.com... 
[debug] [2025-08-19T17:19:07.876Z] Checked if tokens are valid: true, expires at: 1755626188867
[debug] [2025-08-19T17:19:07.876Z] Checked if tokens are valid: true, expires at: 1755626188867
[debug] [2025-08-19T17:19:07.877Z] >>> [apiv2][query] POST https://serviceusage.googleapis.com/v1beta1/projects/201374628233/services/pubsub.googleapis.com:generateServiceIdentity [none]
[debug] [2025-08-19T17:19:07.877Z] >>> [apiv2][(partial)header] POST https://serviceusage.googleapis.com/v1beta1/projects/201374628233/services/pubsub.googleapis.com:generateServiceIdentity x-goog-quota-user=projects/201374628233
[debug] [2025-08-19T17:19:07.877Z] >>> [apiv2][body] POST https://serviceusage.googleapis.com/v1beta1/projects/201374628233/services/pubsub.googleapis.com:generateServiceIdentity {}
[debug] [2025-08-19T17:19:07.880Z] >>> [apiv2][query] POST https://serviceusage.googleapis.com/v1beta1/projects/201374628233/services/eventarc.googleapis.com:generateServiceIdentity [none]
[debug] [2025-08-19T17:19:07.880Z] >>> [apiv2][(partial)header] POST https://serviceusage.googleapis.com/v1beta1/projects/201374628233/services/eventarc.googleapis.com:generateServiceIdentity x-goog-quota-user=projects/201374628233
[debug] [2025-08-19T17:19:07.881Z] >>> [apiv2][body] POST https://serviceusage.googleapis.com/v1beta1/projects/201374628233/services/eventarc.googleapis.com:generateServiceIdentity {}
[debug] [2025-08-19T17:19:08.706Z] <<< [apiv2][status] POST https://serviceusage.googleapis.com/v1beta1/projects/201374628233/services/eventarc.googleapis.com:generateServiceIdentity 200
[debug] [2025-08-19T17:19:08.707Z] <<< [apiv2][body] POST https://serviceusage.googleapis.com/v1beta1/projects/201374628233/services/eventarc.googleapis.com:generateServiceIdentity {"name":"operations/finished.DONE_OPERATION","done":true,"response":{"@type":"type.googleapis.com/google.api.serviceusage.v1beta1.ServiceIdentity","email":"service-201374628233@gcp-sa-eventarc.iam.gserviceaccount.com","uniqueId":"115294894071591528652"}}
[debug] [2025-08-19T17:19:09.927Z] <<< [apiv2][status] POST https://serviceusage.googleapis.com/v1beta1/projects/201374628233/services/pubsub.googleapis.com:generateServiceIdentity 200
[debug] [2025-08-19T17:19:09.928Z] <<< [apiv2][body] POST https://serviceusage.googleapis.com/v1beta1/projects/201374628233/services/pubsub.googleapis.com:generateServiceIdentity {"name":"operations/finished.DONE_OPERATION","done":true,"response":{"@type":"type.googleapis.com/google.api.serviceusage.v1beta1.ServiceIdentity","email":"service-201374628233@gcp-sa-pubsub.iam.gserviceaccount.com","uniqueId":"113784914724919888329"}}
[debug] [2025-08-19T17:19:09.930Z] Checked if tokens are valid: true, expires at: 1755626188867
[debug] [2025-08-19T17:19:09.930Z] Checked if tokens are valid: true, expires at: 1755626188867
[debug] [2025-08-19T17:19:09.931Z] >>> [apiv2][query] GET https://compute.googleapis.com/compute/v1/projects/201374628233 [none]
[debug] [2025-08-19T17:19:10.331Z] <<< [apiv2][status] GET https://compute.googleapis.com/compute/v1/projects/201374628233 403
[debug] [2025-08-19T17:19:10.331Z] <<< [apiv2][body] GET https://compute.googleapis.com/compute/v1/projects/201374628233 {"error":{"code":403,"message":"Compute Engine API has not been used in project 201374628233 before or it is disabled. Enable it by visiting https://console.developers.google.com/apis/api/compute.googleapis.com/overview?project=201374628233 then retry. If you enabled this API recently, wait a few minutes for the action to propagate to our systems and retry.","errors":[{"message":"Compute Engine API has not been used in project 201374628233 before or it is disabled. Enable it by visiting https://console.developers.google.com/apis/api/compute.googleapis.com/overview?project=201374628233 then retry. If you enabled this API recently, wait a few minutes for the action to propagate to our systems and retry.","domain":"usageLimits","reason":"accessNotConfigured","extendedHelp":"https://console.developers.google.com"}],"status":"PERMISSION_DENIED","details":[{"@type":"type.googleapis.com/google.rpc.ErrorInfo","reason":"SERVICE_DISABLED","domain":"googleapis.com","metadata":{"consumer":"projects/201374628233","activationUrl":"https://console.developers.google.com/apis/api/compute.googleapis.com/overview?project=201374628233","service":"compute.googleapis.com","containerInfo":"201374628233","serviceTitle":"Compute Engine API"}},{"@type":"type.googleapis.com/google.rpc.LocalizedMessage","locale":"en-US","message":"Compute Engine API has not been used in project 201374628233 before or it is disabled. Enable it by visiting https://console.developers.google.com/apis/api/compute.googleapis.com/overview?project=201374628233 then retry. If you enabled this API recently, wait a few minutes for the action to propagate to our systems and retry."},{"@type":"type.googleapis.com/google.rpc.Help","links":[{"description":"Google developers console API activation","url":"https://console.developers.google.com/apis/api/compute.googleapis.com/overview?project=201374628233"}]}]}}
[debug] [2025-08-19T17:19:10.334Z] unable to look up default compute service account. Falling back to 201374628233-compute@developer.gserviceaccount.com. Error: {"name":"FirebaseError","children":[],"context":{"body":{"error":{"code":403,"message":"Compute Engine API has not been used in project 201374628233 before or it is disabled. Enable it by visiting https://console.developers.google.com/apis/api/compute.googleapis.com/overview?project=201374628233 then retry. If you enabled this API recently, wait a few minutes for the action to propagate to our systems and retry.","errors":[{"message":"Compute Engine API has not been used in project 201374628233 before or it is disabled. Enable it by visiting https://console.developers.google.com/apis/api/compute.googleapis.com/overview?project=201374628233 then retry. If you enabled this API recently, wait a few minutes for the action to propagate to our systems and retry.","domain":"usageLimits","reason":"accessNotConfigured","extendedHelp":"https://console.developers.google.com"}],"status":"PERMISSION_DENIED","details":[{"@type":"type.googleapis.com/google.rpc.ErrorInfo","reason":"SERVICE_DISABLED","domain":"googleapis.com","metadata":{"consumer":"projects/201374628233","activationUrl":"https://console.developers.google.com/apis/api/compute.googleapis.com/overview?project=201374628233","service":"compute.googleapis.com","containerInfo":"201374628233","serviceTitle":"Compute Engine API"}},{"@type":"type.googleapis.com/google.rpc.LocalizedMessage","locale":"en-US","message":"Compute Engine API has not been used in project 201374628233 before or it is disabled. Enable it by visiting https://console.developers.google.com/apis/api/compute.googleapis.com/overview?project=201374628233 then retry. If you enabled this API recently, wait a few minutes for the action to propagate to our systems and retry."},{"@type":"type.googleapis.com/google.rpc.Help","links":[{"description":"Google developers console API activation","url":"https://console.developers.google.com/apis/api/compute.googleapis.com/overview?project=201374628233"}]}]}},"response":{"statusCode":403}},"exit":1,"message":"Request to https://compute.googleapis.com/compute/v1/projects/201374628233 had HTTP Error: 403, Compute Engine API has not been used in project 201374628233 before or it is disabled. Enable it by visiting https://console.developers.google.com/apis/api/compute.googleapis.com/overview?project=201374628233 then retry. If you enabled this API recently, wait a few minutes for the action to propagate to our systems and retry.","status":403}
[debug] [2025-08-19T17:19:10.335Z] Checked if tokens are valid: true, expires at: 1755626188867
[debug] [2025-08-19T17:19:10.336Z] Checked if tokens are valid: true, expires at: 1755626188867
[debug] [2025-08-19T17:19:10.337Z] >>> [apiv2][query] POST https://cloudresourcemanager.googleapis.com/v1/projects/201374628233:getIamPolicy [none]
[debug] [2025-08-19T17:19:11.964Z] <<< [apiv2][status] POST https://cloudresourcemanager.googleapis.com/v1/projects/201374628233:getIamPolicy 200
[debug] [2025-08-19T17:19:11.964Z] <<< [apiv2][body] POST https://cloudresourcemanager.googleapis.com/v1/projects/201374628233:getIamPolicy {"version":1,"etag":"BwY8uw2Iav4=","bindings":[{"role":"roles/cloudbuild.builds.builder","members":["serviceAccount:201374628233@cloudbuild.gserviceaccount.com"]},{"role":"roles/cloudbuild.serviceAgent","members":["serviceAccount:service-201374628233@gcp-sa-cloudbuild.iam.gserviceaccount.com"]},{"role":"roles/cloudfunctions.serviceAgent","members":["serviceAccount:service-201374628233@gcf-admin-robot.iam.gserviceaccount.com"]},{"role":"roles/containerregistry.ServiceAgent","members":["serviceAccount:service-201374628233@containerregistry.iam.gserviceaccount.com"]},{"role":"roles/editor","members":["serviceAccount:201374628233-compute@developer.gserviceaccount.com","serviceAccount:201374628233@cloudservices.gserviceaccount.com","serviceAccount:internhunt-a6e38@appspot.gserviceaccount.com","user:jkotecha2121@gmail.com"]},{"role":"roles/firebase.managementServiceAgent","members":["serviceAccount:service-201374628233@gcp-sa-firebase.iam.gserviceaccount.com"]},{"role":"roles/firebase.sdkAdminServiceAgent","members":["serviceAccount:firebase-adminsdk-fbsvc@internhunt-a6e38.iam.gserviceaccount.com"]},{"role":"roles/firebaseauth.admin","members":["serviceAccount:firebase-adminsdk-fbsvc@internhunt-a6e38.iam.gserviceaccount.com"]},{"role":"roles/firebasemods.serviceAgent","members":["serviceAccount:service-201374628233@gcp-sa-firebasemods.iam.gserviceaccount.com"]},{"role":"roles/firebaserules.system","members":["serviceAccount:service-201374628233@firebase-rules.iam.gserviceaccount.com"]},{"role":"roles/firebasestorage.serviceAgent","members":["serviceAccount:service-201374628233@gcp-sa-firebasestorage.iam.gserviceaccount.com"]},{"role":"roles/firestore.serviceAgent","members":["serviceAccount:service-201374628233@gcp-sa-firestore.iam.gserviceaccount.com"]},{"role":"roles/iam.serviceAccountTokenCreator","members":["serviceAccount:firebase-adminsdk-fbsvc@internhunt-a6e38.iam.gserviceaccount.com"]},{"role":"roles/owner","members":["user:patelmeet23032005@gmail.com"]},{"role":"roles/run.serviceAgent","members":["serviceAccount:service-201374628233@serverless-robot-prod.iam.gserviceaccount.com"]},{"role":"roles/storage.admin","members":["serviceAccount:firebase-adminsdk-fbsvc@internhunt-a6e38.iam.gserviceaccount.com"]}]}
[debug] [2025-08-19T17:19:11.966Z] Checked if tokens are valid: true, expires at: 1755626188867
[debug] [2025-08-19T17:19:11.966Z] Checked if tokens are valid: true, expires at: 1755626188867
[debug] [2025-08-19T17:19:11.966Z] >>> [apiv2][query] POST https://cloudresourcemanager.googleapis.com/v1/projects/201374628233:setIamPolicy [none]
[debug] [2025-08-19T17:19:11.967Z] >>> [apiv2][body] POST https://cloudresourcemanager.googleapis.com/v1/projects/201374628233:setIamPolicy {"policy":{"version":1,"etag":"BwY8uw2Iav4=","bindings":[{"role":"roles/cloudbuild.builds.builder","members":["serviceAccount:201374628233@cloudbuild.gserviceaccount.com"]},{"role":"roles/cloudbuild.serviceAgent","members":["serviceAccount:service-201374628233@gcp-sa-cloudbuild.iam.gserviceaccount.com"]},{"role":"roles/cloudfunctions.serviceAgent","members":["serviceAccount:service-201374628233@gcf-admin-robot.iam.gserviceaccount.com"]},{"role":"roles/containerregistry.ServiceAgent","members":["serviceAccount:service-201374628233@containerregistry.iam.gserviceaccount.com"]},{"role":"roles/editor","members":["serviceAccount:201374628233-compute@developer.gserviceaccount.com","serviceAccount:201374628233@cloudservices.gserviceaccount.com","serviceAccount:internhunt-a6e38@appspot.gserviceaccount.com","user:jkotecha2121@gmail.com"]},{"role":"roles/firebase.managementServiceAgent","members":["serviceAccount:service-201374628233@gcp-sa-firebase.iam.gserviceaccount.com"]},{"role":"roles/firebase.sdkAdminServiceAgent","members":["serviceAccount:firebase-adminsdk-fbsvc@internhunt-a6e38.iam.gserviceaccount.com"]},{"role":"roles/firebaseauth.admin","members":["serviceAccount:firebase-adminsdk-fbsvc@internhunt-a6e38.iam.gserviceaccount.com"]},{"role":"roles/firebasemods.serviceAgent","members":["serviceAccount:service-201374628233@gcp-sa-firebasemods.iam.gserviceaccount.com"]},{"role":"roles/firebaserules.system","members":["serviceAccount:service-201374628233@firebase-rules.iam.gserviceaccount.com"]},{"role":"roles/firebasestorage.serviceAgent","members":["serviceAccount:service-201374628233@gcp-sa-firebasestorage.iam.gserviceaccount.com"]},{"role":"roles/firestore.serviceAgent","members":["serviceAccount:service-201374628233@gcp-sa-firestore.iam.gserviceaccount.com"]},{"role":"roles/iam.serviceAccountTokenCreator","members":["serviceAccount:firebase-adminsdk-fbsvc@internhunt-a6e38.iam.gserviceaccount.com","serviceAccount:service-201374628233@gcp-sa-pubsub.iam.gserviceaccount.com"]},{"role":"roles/owner","members":["user:patelmeet23032005@gmail.com"]},{"role":"roles/run.serviceAgent","members":["serviceAccount:service-201374628233@serverless-robot-prod.iam.gserviceaccount.com"]},{"role":"roles/storage.admin","members":["serviceAccount:firebase-adminsdk-fbsvc@internhunt-a6e38.iam.gserviceaccount.com"]},{"role":"roles/run.invoker","members":["serviceAccount:201374628233-compute@developer.gserviceaccount.com"]},{"role":"roles/eventarc.eventReceiver","members":["serviceAccount:201374628233-compute@developer.gserviceaccount.com"]}]},"updateMask":"bindings"}
[debug] [2025-08-19T17:19:12.908Z] <<< [apiv2][status] POST https://cloudresourcemanager.googleapis.com/v1/projects/201374628233:setIamPolicy 400
[debug] [2025-08-19T17:19:12.908Z] <<< [apiv2][body] POST https://cloudresourcemanager.googleapis.com/v1/projects/201374628233:setIamPolicy {"error":{"code":400,"message":"Service account service-201374628233@gcp-sa-pubsub.iam.gserviceaccount.com does not exist.","status":"INVALID_ARGUMENT"}}
[warn] i  functions: Failed to verify the project has the correct IAM bindings for a successful deployment. 
[warn] i  functions: You can either re-run this command as a project owner or manually run the following set of `gcloud` commands: 
[warn] i  functions: `gcloud projects add-iam-policy-binding internhunt-a6e38 --member=serviceAccount:service-201374628233@gcp-sa-pubsub.iam.gserviceaccount.com --role=roles/iam.serviceAccountTokenCreator` 
[warn] i  functions: `gcloud projects add-iam-policy-binding internhunt-a6e38 --member=serviceAccount:201374628233-compute@developer.gserviceaccount.com --role=roles/run.invoker` 
[warn] i  functions: `gcloud projects add-iam-policy-binding internhunt-a6e38 --member=serviceAccount:201374628233-compute@developer.gserviceaccount.com --role=roles/eventarc.eventReceiver` 
[debug] [2025-08-19T17:19:12.993Z] FirebaseError: Request to https://cloudresourcemanager.googleapis.com/v1/projects/201374628233:setIamPolicy had HTTP Error: 400, Service account service-201374628233@gcp-sa-pubsub.iam.gserviceaccount.com does not exist.
    at responseToError (C:\Users\meetp\AppData\Roaming\npm\node_modules\firebase-tools\lib\responseToError.js:52:12)
    at RetryOperation._fn (C:\Users\meetp\AppData\Roaming\npm\node_modules\firebase-tools\lib\apiv2.js:312:77)
    at process.processTicksAndRejections (node:internal/process/task_queues:105:5)
[error] 
[error] Error: We failed to modify the IAM policy for the project. The functions deployment requires specific roles to be granted to service agents, otherwise the deployment will fail.
